

[WARN ] 2019-11-03 21:37:54,464 method:org.apache.zookeeper.ClientCnxn$SendThread.run(ClientCnxn.java:1108)
Client session timed out, have not heard from server in 20000ms for sessionid 0x16e2aebdeea0094


[WARN ] 2019-11-04 01:56:11,189 method:org.apache.zookeeper.ClientCnxn$SendThread.run(ClientCnxn.java:1162)
Session 0x16e2aebdeea0094 for server 192.168.25.128/192.168.25.128:2181, unexpected error, closing socket connection and attempting reconnect
java.io.IOException: 远程主机强迫关闭了一个现有的连接。
	at sun.nio.ch.SocketDispatcher.read0(Native Method)
	at sun.nio.ch.SocketDispatcher.read(SocketDispatcher.java:43)
	at sun.nio.ch.IOUtil.readIntoNativeBuffer(IOUtil.java:223)
	at sun.nio.ch.IOUtil.read(IOUtil.java:192)
	at sun.nio.ch.SocketChannelImpl.read(SocketChannelImpl.java:384)
	at org.apache.zookeeper.ClientCnxnSocketNIO.doIO(ClientCnxnSocketNIO.java:68)
	at org.apache.zookeeper.ClientCnxnSocketNIO.doTransport(ClientCnxnSocketNIO.java:366)
	at org.apache.zookeeper.ClientCnxn$SendThread.run(ClientCnxn.java:1141)


[WARN ] 2019-11-04 02:03:32,322 method:com.alibaba.dubbo.remoting.transport.AbstractClient$1.run(AbstractClient.java:160)
 [DUBBO] client reconnect to 192.168.25.1:20882 find error . url: dubbo://192.168.25.1:20882/com.pekka.search.service.SearchService?anyhost=true&application=pekka-search-web&check=false&codec=dubbo&dubbo=2.5.3&heartbeat=60000&interface=com.pekka.search.service.SearchService&methods=search&pid=18464&revision=0.0.1-SNAPSHOT&side=consumer&timeout=300000&timestamp=1572772540239, dubbo version: 2.5.3, current host: 192.168.25.1
com.alibaba.dubbo.remoting.RemotingException: client(url: dubbo://192.168.25.1:20882/com.pekka.search.service.SearchService?anyhost=true&application=pekka-search-web&check=false&codec=dubbo&dubbo=2.5.3&heartbeat=60000&interface=com.pekka.search.service.SearchService&methods=search&pid=18464&revision=0.0.1-SNAPSHOT&side=consumer&timeout=300000&timestamp=1572772540239) failed to connect to server /192.168.25.1:20882, error message is:connection timed out: /192.168.25.1:20882
	at com.alibaba.dubbo.remoting.transport.netty.NettyClient.doConnect(NettyClient.java:124)
	at com.alibaba.dubbo.remoting.transport.AbstractClient.connect(AbstractClient.java:280)
	at com.alibaba.dubbo.remoting.transport.AbstractClient$1.run(AbstractClient.java:145)
	at java.util.concurrent.Executors$RunnableAdapter.call(Executors.java:471)
	at java.util.concurrent.FutureTask.runAndReset(FutureTask.java:304)
	at java.util.concurrent.ScheduledThreadPoolExecutor$ScheduledFutureTask.access$301(ScheduledThreadPoolExecutor.java:178)
	at java.util.concurrent.ScheduledThreadPoolExecutor$ScheduledFutureTask.run(ScheduledThreadPoolExecutor.java:293)
	at java.util.concurrent.ThreadPoolExecutor.runWorker(ThreadPoolExecutor.java:1145)
	at java.util.concurrent.ThreadPoolExecutor$Worker.run(ThreadPoolExecutor.java:615)
	at java.lang.Thread.run(Thread.java:745)
Caused by: org.jboss.netty.channel.ConnectTimeoutException: connection timed out: /192.168.25.1:20882
	at org.jboss.netty.channel.socket.nio.NioClientBoss.processConnectTimeout(NioClientBoss.java:137)
	at org.jboss.netty.channel.socket.nio.NioClientBoss.process(NioClientBoss.java:83)
	at org.jboss.netty.channel.socket.nio.AbstractNioSelector.run(AbstractNioSelector.java:312)
	at org.jboss.netty.channel.socket.nio.NioClientBoss.run(NioClientBoss.java:42)
	... 3 more


[WARN ] 2019-11-04 02:03:49,797 method:org.apache.zookeeper.ClientCnxn$SendThread.run(ClientCnxn.java:1162)
Session 0x16e2aebdeea0094 for server null, unexpected error, closing socket connection and attempting reconnect
java.net.ConnectException: Connection timed out: no further information
	at sun.nio.ch.SocketChannelImpl.checkConnect(Native Method)
	at sun.nio.ch.SocketChannelImpl.finishConnect(SocketChannelImpl.java:744)
	at org.apache.zookeeper.ClientCnxnSocketNIO.doTransport(ClientCnxnSocketNIO.java:361)
	at org.apache.zookeeper.ClientCnxn$SendThread.run(ClientCnxn.java:1141)


[WARN ] 2019-11-04 02:03:54,490 method:org.apache.zookeeper.ClientCnxn$SendThread.onConnected(ClientCnxn.java:1285)
Unable to reconnect to ZooKeeper service, session 0x16e2aebdeea0094 has expired


[WARN ] 2019-11-04 02:03:56,873 method:com.alibaba.dubbo.registry.support.AbstractRegistry.doSaveProperties(AbstractRegistry.java:221)
 [DUBBO] Failed to save registry store file, cause: Can not lock the registry cache file C:\Users\Lenovo\.dubbo\dubbo-registry-192.168.25.128.cache, ignore and retry later, maybe multi java process use the file, please config: dubbo.registry.file=xxx.properties, dubbo version: 2.5.3, current host: 192.168.25.1
java.io.IOException: Can not lock the registry cache file C:\Users\Lenovo\.dubbo\dubbo-registry-192.168.25.128.cache, ignore and retry later, maybe multi java process use the file, please config: dubbo.registry.file=xxx.properties
	at com.alibaba.dubbo.registry.support.AbstractRegistry.doSaveProperties(AbstractRegistry.java:193)
	at com.alibaba.dubbo.registry.support.AbstractRegistry$SaveProperties.run(AbstractRegistry.java:150)
	at java.util.concurrent.ThreadPoolExecutor.runWorker(ThreadPoolExecutor.java:1145)
	at java.util.concurrent.ThreadPoolExecutor$Worker.run(ThreadPoolExecutor.java:615)
	at java.lang.Thread.run(Thread.java:745)


[WARN ] 2019-11-04 02:03:57,360 method:com.alibaba.dubbo.registry.support.AbstractRegistry.doSaveProperties(AbstractRegistry.java:221)
 [DUBBO] Failed to save registry store file, cause: Can not lock the registry cache file C:\Users\Lenovo\.dubbo\dubbo-registry-192.168.25.128.cache, ignore and retry later, maybe multi java process use the file, please config: dubbo.registry.file=xxx.properties, dubbo version: 2.5.3, current host: 192.168.25.1
java.io.IOException: Can not lock the registry cache file C:\Users\Lenovo\.dubbo\dubbo-registry-192.168.25.128.cache, ignore and retry later, maybe multi java process use the file, please config: dubbo.registry.file=xxx.properties
	at com.alibaba.dubbo.registry.support.AbstractRegistry.doSaveProperties(AbstractRegistry.java:193)
	at com.alibaba.dubbo.registry.support.AbstractRegistry$SaveProperties.run(AbstractRegistry.java:150)
	at java.util.concurrent.ThreadPoolExecutor.runWorker(ThreadPoolExecutor.java:1145)
	at java.util.concurrent.ThreadPoolExecutor$Worker.run(ThreadPoolExecutor.java:615)
	at java.lang.Thread.run(Thread.java:745)


[WARN ] 2019-11-04 02:03:57,361 method:com.alibaba.dubbo.registry.support.AbstractRegistry.doSaveProperties(AbstractRegistry.java:221)
 [DUBBO] Failed to save registry store file, cause: Can not lock the registry cache file C:\Users\Lenovo\.dubbo\dubbo-registry-192.168.25.128.cache, ignore and retry later, maybe multi java process use the file, please config: dubbo.registry.file=xxx.properties, dubbo version: 2.5.3, current host: 192.168.25.1
java.io.IOException: Can not lock the registry cache file C:\Users\Lenovo\.dubbo\dubbo-registry-192.168.25.128.cache, ignore and retry later, maybe multi java process use the file, please config: dubbo.registry.file=xxx.properties
	at com.alibaba.dubbo.registry.support.AbstractRegistry.doSaveProperties(AbstractRegistry.java:193)
	at com.alibaba.dubbo.registry.support.AbstractRegistry$SaveProperties.run(AbstractRegistry.java:150)
	at java.util.concurrent.ThreadPoolExecutor.runWorker(ThreadPoolExecutor.java:1145)
	at java.util.concurrent.ThreadPoolExecutor$Worker.run(ThreadPoolExecutor.java:615)
	at java.lang.Thread.run(Thread.java:745)


[WARN ] 2019-11-04 02:03:57,362 method:com.alibaba.dubbo.registry.support.AbstractRegistry.doSaveProperties(AbstractRegistry.java:221)
 [DUBBO] Failed to save registry store file, cause: Can not lock the registry cache file C:\Users\Lenovo\.dubbo\dubbo-registry-192.168.25.128.cache, ignore and retry later, maybe multi java process use the file, please config: dubbo.registry.file=xxx.properties, dubbo version: 2.5.3, current host: 192.168.25.1
java.io.IOException: Can not lock the registry cache file C:\Users\Lenovo\.dubbo\dubbo-registry-192.168.25.128.cache, ignore and retry later, maybe multi java process use the file, please config: dubbo.registry.file=xxx.properties
	at com.alibaba.dubbo.registry.support.AbstractRegistry.doSaveProperties(AbstractRegistry.java:193)
	at com.alibaba.dubbo.registry.support.AbstractRegistry$SaveProperties.run(AbstractRegistry.java:150)
	at java.util.concurrent.ThreadPoolExecutor.runWorker(ThreadPoolExecutor.java:1145)
	at java.util.concurrent.ThreadPoolExecutor$Worker.run(ThreadPoolExecutor.java:615)
	at java.lang.Thread.run(Thread.java:745)


[WARN ] 2019-11-04 02:03:57,362 method:com.alibaba.dubbo.registry.support.AbstractRegistry.doSaveProperties(AbstractRegistry.java:221)
 [DUBBO] Failed to save registry store file, cause: Can not lock the registry cache file C:\Users\Lenovo\.dubbo\dubbo-registry-192.168.25.128.cache, ignore and retry later, maybe multi java process use the file, please config: dubbo.registry.file=xxx.properties, dubbo version: 2.5.3, current host: 192.168.25.1
java.io.IOException: Can not lock the registry cache file C:\Users\Lenovo\.dubbo\dubbo-registry-192.168.25.128.cache, ignore and retry later, maybe multi java process use the file, please config: dubbo.registry.file=xxx.properties
	at com.alibaba.dubbo.registry.support.AbstractRegistry.doSaveProperties(AbstractRegistry.java:193)
	at com.alibaba.dubbo.registry.support.AbstractRegistry$SaveProperties.run(AbstractRegistry.java:150)
	at java.util.concurrent.ThreadPoolExecutor.runWorker(ThreadPoolExecutor.java:1145)
	at java.util.concurrent.ThreadPoolExecutor$Worker.run(ThreadPoolExecutor.java:615)
	at java.lang.Thread.run(Thread.java:745)


[WARN ] 2019-11-04 02:03:57,363 method:com.alibaba.dubbo.registry.support.AbstractRegistry.doSaveProperties(AbstractRegistry.java:221)
 [DUBBO] Failed to save registry store file, cause: Can not lock the registry cache file C:\Users\Lenovo\.dubbo\dubbo-registry-192.168.25.128.cache, ignore and retry later, maybe multi java process use the file, please config: dubbo.registry.file=xxx.properties, dubbo version: 2.5.3, current host: 192.168.25.1
java.io.IOException: Can not lock the registry cache file C:\Users\Lenovo\.dubbo\dubbo-registry-192.168.25.128.cache, ignore and retry later, maybe multi java process use the file, please config: dubbo.registry.file=xxx.properties
	at com.alibaba.dubbo.registry.support.AbstractRegistry.doSaveProperties(AbstractRegistry.java:193)
	at com.alibaba.dubbo.registry.support.AbstractRegistry$SaveProperties.run(AbstractRegistry.java:150)
	at java.util.concurrent.ThreadPoolExecutor.runWorker(ThreadPoolExecutor.java:1145)
	at java.util.concurrent.ThreadPoolExecutor$Worker.run(ThreadPoolExecutor.java:615)
	at java.lang.Thread.run(Thread.java:745)


[WARN ] 2019-11-04 02:03:57,364 method:com.alibaba.dubbo.registry.support.AbstractRegistry.doSaveProperties(AbstractRegistry.java:221)
 [DUBBO] Failed to save registry store file, cause: Can not lock the registry cache file C:\Users\Lenovo\.dubbo\dubbo-registry-192.168.25.128.cache, ignore and retry later, maybe multi java process use the file, please config: dubbo.registry.file=xxx.properties, dubbo version: 2.5.3, current host: 192.168.25.1
java.io.IOException: Can not lock the registry cache file C:\Users\Lenovo\.dubbo\dubbo-registry-192.168.25.128.cache, ignore and retry later, maybe multi java process use the file, please config: dubbo.registry.file=xxx.properties
	at com.alibaba.dubbo.registry.support.AbstractRegistry.doSaveProperties(AbstractRegistry.java:193)
	at com.alibaba.dubbo.registry.support.AbstractRegistry$SaveProperties.run(AbstractRegistry.java:150)
	at java.util.concurrent.ThreadPoolExecutor.runWorker(ThreadPoolExecutor.java:1145)
	at java.util.concurrent.ThreadPoolExecutor$Worker.run(ThreadPoolExecutor.java:615)
	at java.lang.Thread.run(Thread.java:745)


[WARN ] 2019-11-04 02:03:57,365 method:com.alibaba.dubbo.registry.support.AbstractRegistry.doSaveProperties(AbstractRegistry.java:221)
 [DUBBO] Failed to save registry store file, cause: Can not lock the registry cache file C:\Users\Lenovo\.dubbo\dubbo-registry-192.168.25.128.cache, ignore and retry later, maybe multi java process use the file, please config: dubbo.registry.file=xxx.properties, dubbo version: 2.5.3, current host: 192.168.25.1
java.io.IOException: Can not lock the registry cache file C:\Users\Lenovo\.dubbo\dubbo-registry-192.168.25.128.cache, ignore and retry later, maybe multi java process use the file, please config: dubbo.registry.file=xxx.properties
	at com.alibaba.dubbo.registry.support.AbstractRegistry.doSaveProperties(AbstractRegistry.java:193)
	at com.alibaba.dubbo.registry.support.AbstractRegistry$SaveProperties.run(AbstractRegistry.java:150)
	at java.util.concurrent.ThreadPoolExecutor.runWorker(ThreadPoolExecutor.java:1145)
	at java.util.concurrent.ThreadPoolExecutor$Worker.run(ThreadPoolExecutor.java:615)
	at java.lang.Thread.run(Thread.java:745)


[WARN ] 2019-11-04 02:03:57,366 method:com.alibaba.dubbo.registry.support.AbstractRegistry.doSaveProperties(AbstractRegistry.java:221)
 [DUBBO] Failed to save registry store file, cause: Can not lock the registry cache file C:\Users\Lenovo\.dubbo\dubbo-registry-192.168.25.128.cache, ignore and retry later, maybe multi java process use the file, please config: dubbo.registry.file=xxx.properties, dubbo version: 2.5.3, current host: 192.168.25.1
java.io.IOException: Can not lock the registry cache file C:\Users\Lenovo\.dubbo\dubbo-registry-192.168.25.128.cache, ignore and retry later, maybe multi java process use the file, please config: dubbo.registry.file=xxx.properties
	at com.alibaba.dubbo.registry.support.AbstractRegistry.doSaveProperties(AbstractRegistry.java:193)
	at com.alibaba.dubbo.registry.support.AbstractRegistry$SaveProperties.run(AbstractRegistry.java:150)
	at java.util.concurrent.ThreadPoolExecutor.runWorker(ThreadPoolExecutor.java:1145)
	at java.util.concurrent.ThreadPoolExecutor$Worker.run(ThreadPoolExecutor.java:615)
	at java.lang.Thread.run(Thread.java:745)


[WARN ] 2019-11-04 02:03:57,492 method:com.alibaba.dubbo.registry.support.AbstractRegistry.doSaveProperties(AbstractRegistry.java:221)
 [DUBBO] Failed to save registry store file, cause: Can not lock the registry cache file C:\Users\Lenovo\.dubbo\dubbo-registry-192.168.25.128.cache, ignore and retry later, maybe multi java process use the file, please config: dubbo.registry.file=xxx.properties, dubbo version: 2.5.3, current host: 192.168.25.1
java.io.IOException: Can not lock the registry cache file C:\Users\Lenovo\.dubbo\dubbo-registry-192.168.25.128.cache, ignore and retry later, maybe multi java process use the file, please config: dubbo.registry.file=xxx.properties
	at com.alibaba.dubbo.registry.support.AbstractRegistry.doSaveProperties(AbstractRegistry.java:193)
	at com.alibaba.dubbo.registry.support.AbstractRegistry$SaveProperties.run(AbstractRegistry.java:150)
	at java.util.concurrent.ThreadPoolExecutor.runWorker(ThreadPoolExecutor.java:1145)
	at java.util.concurrent.ThreadPoolExecutor$Worker.run(ThreadPoolExecutor.java:615)
	at java.lang.Thread.run(Thread.java:745)


[WARN ] 2019-11-04 02:03:57,494 method:com.alibaba.dubbo.registry.support.AbstractRegistry.doSaveProperties(AbstractRegistry.java:221)
 [DUBBO] Failed to save registry store file, cause: Can not lock the registry cache file C:\Users\Lenovo\.dubbo\dubbo-registry-192.168.25.128.cache, ignore and retry later, maybe multi java process use the file, please config: dubbo.registry.file=xxx.properties, dubbo version: 2.5.3, current host: 192.168.25.1
java.io.IOException: Can not lock the registry cache file C:\Users\Lenovo\.dubbo\dubbo-registry-192.168.25.128.cache, ignore and retry later, maybe multi java process use the file, please config: dubbo.registry.file=xxx.properties
	at com.alibaba.dubbo.registry.support.AbstractRegistry.doSaveProperties(AbstractRegistry.java:193)
	at com.alibaba.dubbo.registry.support.AbstractRegistry$SaveProperties.run(AbstractRegistry.java:150)
	at java.util.concurrent.ThreadPoolExecutor.runWorker(ThreadPoolExecutor.java:1145)
	at java.util.concurrent.ThreadPoolExecutor$Worker.run(ThreadPoolExecutor.java:615)
	at java.lang.Thread.run(Thread.java:745)


[WARN ] 2019-11-04 02:03:57,494 method:com.alibaba.dubbo.registry.support.AbstractRegistry.doSaveProperties(AbstractRegistry.java:221)
 [DUBBO] Failed to save registry store file, cause: Can not lock the registry cache file C:\Users\Lenovo\.dubbo\dubbo-registry-192.168.25.128.cache, ignore and retry later, maybe multi java process use the file, please config: dubbo.registry.file=xxx.properties, dubbo version: 2.5.3, current host: 192.168.25.1
java.io.IOException: Can not lock the registry cache file C:\Users\Lenovo\.dubbo\dubbo-registry-192.168.25.128.cache, ignore and retry later, maybe multi java process use the file, please config: dubbo.registry.file=xxx.properties
	at com.alibaba.dubbo.registry.support.AbstractRegistry.doSaveProperties(AbstractRegistry.java:193)
	at com.alibaba.dubbo.registry.support.AbstractRegistry$SaveProperties.run(AbstractRegistry.java:150)
	at java.util.concurrent.ThreadPoolExecutor.runWorker(ThreadPoolExecutor.java:1145)
	at java.util.concurrent.ThreadPoolExecutor$Worker.run(ThreadPoolExecutor.java:615)
	at java.lang.Thread.run(Thread.java:745)


[WARN ] 2019-11-04 02:03:57,495 method:com.alibaba.dubbo.registry.support.AbstractRegistry.doSaveProperties(AbstractRegistry.java:221)
 [DUBBO] Failed to save registry store file, cause: Can not lock the registry cache file C:\Users\Lenovo\.dubbo\dubbo-registry-192.168.25.128.cache, ignore and retry later, maybe multi java process use the file, please config: dubbo.registry.file=xxx.properties, dubbo version: 2.5.3, current host: 192.168.25.1
java.io.IOException: Can not lock the registry cache file C:\Users\Lenovo\.dubbo\dubbo-registry-192.168.25.128.cache, ignore and retry later, maybe multi java process use the file, please config: dubbo.registry.file=xxx.properties
	at com.alibaba.dubbo.registry.support.AbstractRegistry.doSaveProperties(AbstractRegistry.java:193)
	at com.alibaba.dubbo.registry.support.AbstractRegistry$SaveProperties.run(AbstractRegistry.java:150)
	at java.util.concurrent.ThreadPoolExecutor.runWorker(ThreadPoolExecutor.java:1145)
	at java.util.concurrent.ThreadPoolExecutor$Worker.run(ThreadPoolExecutor.java:615)
	at java.lang.Thread.run(Thread.java:745)


[WARN ] 2019-11-04 02:03:57,498 method:com.alibaba.dubbo.registry.support.AbstractRegistry.doSaveProperties(AbstractRegistry.java:221)
 [DUBBO] Failed to save registry store file, cause: Can not lock the registry cache file C:\Users\Lenovo\.dubbo\dubbo-registry-192.168.25.128.cache, ignore and retry later, maybe multi java process use the file, please config: dubbo.registry.file=xxx.properties, dubbo version: 2.5.3, current host: 192.168.25.1
java.io.IOException: Can not lock the registry cache file C:\Users\Lenovo\.dubbo\dubbo-registry-192.168.25.128.cache, ignore and retry later, maybe multi java process use the file, please config: dubbo.registry.file=xxx.properties
	at com.alibaba.dubbo.registry.support.AbstractRegistry.doSaveProperties(AbstractRegistry.java:193)
	at com.alibaba.dubbo.registry.support.AbstractRegistry$SaveProperties.run(AbstractRegistry.java:150)
	at java.util.concurrent.ThreadPoolExecutor.runWorker(ThreadPoolExecutor.java:1145)
	at java.util.concurrent.ThreadPoolExecutor$Worker.run(ThreadPoolExecutor.java:615)
	at java.lang.Thread.run(Thread.java:745)


[WARN ] 2019-11-04 02:03:57,498 method:com.alibaba.dubbo.registry.support.AbstractRegistry.doSaveProperties(AbstractRegistry.java:221)
 [DUBBO] Failed to save registry store file, cause: Can not lock the registry cache file C:\Users\Lenovo\.dubbo\dubbo-registry-192.168.25.128.cache, ignore and retry later, maybe multi java process use the file, please config: dubbo.registry.file=xxx.properties, dubbo version: 2.5.3, current host: 192.168.25.1
java.io.IOException: Can not lock the registry cache file C:\Users\Lenovo\.dubbo\dubbo-registry-192.168.25.128.cache, ignore and retry later, maybe multi java process use the file, please config: dubbo.registry.file=xxx.properties
	at com.alibaba.dubbo.registry.support.AbstractRegistry.doSaveProperties(AbstractRegistry.java:193)
	at com.alibaba.dubbo.registry.support.AbstractRegistry$SaveProperties.run(AbstractRegistry.java:150)
	at java.util.concurrent.ThreadPoolExecutor.runWorker(ThreadPoolExecutor.java:1145)
	at java.util.concurrent.ThreadPoolExecutor$Worker.run(ThreadPoolExecutor.java:615)
	at java.lang.Thread.run(Thread.java:745)


[WARN ] 2019-11-04 02:03:57,645 method:com.alibaba.dubbo.registry.support.AbstractRegistry.doSaveProperties(AbstractRegistry.java:221)
 [DUBBO] Failed to save registry store file, cause: Can not lock the registry cache file C:\Users\Lenovo\.dubbo\dubbo-registry-192.168.25.128.cache, ignore and retry later, maybe multi java process use the file, please config: dubbo.registry.file=xxx.properties, dubbo version: 2.5.3, current host: 192.168.25.1
java.io.IOException: Can not lock the registry cache file C:\Users\Lenovo\.dubbo\dubbo-registry-192.168.25.128.cache, ignore and retry later, maybe multi java process use the file, please config: dubbo.registry.file=xxx.properties
	at com.alibaba.dubbo.registry.support.AbstractRegistry.doSaveProperties(AbstractRegistry.java:193)
	at com.alibaba.dubbo.registry.support.AbstractRegistry$SaveProperties.run(AbstractRegistry.java:150)
	at java.util.concurrent.ThreadPoolExecutor.runWorker(ThreadPoolExecutor.java:1145)
	at java.util.concurrent.ThreadPoolExecutor$Worker.run(ThreadPoolExecutor.java:615)
	at java.lang.Thread.run(Thread.java:745)


[WARN ] 2019-11-04 02:03:57,645 method:com.alibaba.dubbo.registry.support.AbstractRegistry.doSaveProperties(AbstractRegistry.java:221)
 [DUBBO] Failed to save registry store file, cause: Can not lock the registry cache file C:\Users\Lenovo\.dubbo\dubbo-registry-192.168.25.128.cache, ignore and retry later, maybe multi java process use the file, please config: dubbo.registry.file=xxx.properties, dubbo version: 2.5.3, current host: 192.168.25.1
java.io.IOException: Can not lock the registry cache file C:\Users\Lenovo\.dubbo\dubbo-registry-192.168.25.128.cache, ignore and retry later, maybe multi java process use the file, please config: dubbo.registry.file=xxx.properties
	at com.alibaba.dubbo.registry.support.AbstractRegistry.doSaveProperties(AbstractRegistry.java:193)
	at com.alibaba.dubbo.registry.support.AbstractRegistry$SaveProperties.run(AbstractRegistry.java:150)
	at java.util.concurrent.ThreadPoolExecutor.runWorker(ThreadPoolExecutor.java:1145)
	at java.util.concurrent.ThreadPoolExecutor$Worker.run(ThreadPoolExecutor.java:615)
	at java.lang.Thread.run(Thread.java:745)


[WARN ] 2019-11-04 02:03:57,646 method:com.alibaba.dubbo.registry.support.AbstractRegistry.doSaveProperties(AbstractRegistry.java:221)
 [DUBBO] Failed to save registry store file, cause: Can not lock the registry cache file C:\Users\Lenovo\.dubbo\dubbo-registry-192.168.25.128.cache, ignore and retry later, maybe multi java process use the file, please config: dubbo.registry.file=xxx.properties, dubbo version: 2.5.3, current host: 192.168.25.1
java.io.IOException: Can not lock the registry cache file C:\Users\Lenovo\.dubbo\dubbo-registry-192.168.25.128.cache, ignore and retry later, maybe multi java process use the file, please config: dubbo.registry.file=xxx.properties
	at com.alibaba.dubbo.registry.support.AbstractRegistry.doSaveProperties(AbstractRegistry.java:193)
	at com.alibaba.dubbo.registry.support.AbstractRegistry$SaveProperties.run(AbstractRegistry.java:150)
	at java.util.concurrent.ThreadPoolExecutor.runWorker(ThreadPoolExecutor.java:1145)
	at java.util.concurrent.ThreadPoolExecutor$Worker.run(ThreadPoolExecutor.java:615)
	at java.lang.Thread.run(Thread.java:745)


[WARN ] 2019-11-04 02:03:57,647 method:com.alibaba.dubbo.registry.support.AbstractRegistry.doSaveProperties(AbstractRegistry.java:221)
 [DUBBO] Failed to save registry store file, cause: Can not lock the registry cache file C:\Users\Lenovo\.dubbo\dubbo-registry-192.168.25.128.cache, ignore and retry later, maybe multi java process use the file, please config: dubbo.registry.file=xxx.properties, dubbo version: 2.5.3, current host: 192.168.25.1
java.io.IOException: Can not lock the registry cache file C:\Users\Lenovo\.dubbo\dubbo-registry-192.168.25.128.cache, ignore and retry later, maybe multi java process use the file, please config: dubbo.registry.file=xxx.properties
	at com.alibaba.dubbo.registry.support.AbstractRegistry.doSaveProperties(AbstractRegistry.java:193)
	at com.alibaba.dubbo.registry.support.AbstractRegistry$SaveProperties.run(AbstractRegistry.java:150)
	at java.util.concurrent.ThreadPoolExecutor.runWorker(ThreadPoolExecutor.java:1145)
	at java.util.concurrent.ThreadPoolExecutor$Worker.run(ThreadPoolExecutor.java:615)
	at java.lang.Thread.run(Thread.java:745)


[WARN ] 2019-11-04 02:03:57,968 method:com.alibaba.dubbo.registry.support.AbstractRegistry.doSaveProperties(AbstractRegistry.java:221)
 [DUBBO] Failed to save registry store file, cause: Can not lock the registry cache file C:\Users\Lenovo\.dubbo\dubbo-registry-192.168.25.128.cache, ignore and retry later, maybe multi java process use the file, please config: dubbo.registry.file=xxx.properties, dubbo version: 2.5.3, current host: 192.168.25.1
java.io.IOException: Can not lock the registry cache file C:\Users\Lenovo\.dubbo\dubbo-registry-192.168.25.128.cache, ignore and retry later, maybe multi java process use the file, please config: dubbo.registry.file=xxx.properties
	at com.alibaba.dubbo.registry.support.AbstractRegistry.doSaveProperties(AbstractRegistry.java:193)
	at com.alibaba.dubbo.registry.support.AbstractRegistry$SaveProperties.run(AbstractRegistry.java:150)
	at java.util.concurrent.ThreadPoolExecutor.runWorker(ThreadPoolExecutor.java:1145)
	at java.util.concurrent.ThreadPoolExecutor$Worker.run(ThreadPoolExecutor.java:615)
	at java.lang.Thread.run(Thread.java:745)


[WARN ] 2019-11-04 02:03:59,238 method:com.alibaba.dubbo.registry.support.AbstractRegistry.doSaveProperties(AbstractRegistry.java:221)
 [DUBBO] Failed to save registry store file, cause: Can not lock the registry cache file C:\Users\Lenovo\.dubbo\dubbo-registry-192.168.25.128.cache, ignore and retry later, maybe multi java process use the file, please config: dubbo.registry.file=xxx.properties, dubbo version: 2.5.3, current host: 192.168.25.1
java.io.IOException: Can not lock the registry cache file C:\Users\Lenovo\.dubbo\dubbo-registry-192.168.25.128.cache, ignore and retry later, maybe multi java process use the file, please config: dubbo.registry.file=xxx.properties
	at com.alibaba.dubbo.registry.support.AbstractRegistry.doSaveProperties(AbstractRegistry.java:193)
	at com.alibaba.dubbo.registry.support.AbstractRegistry$SaveProperties.run(AbstractRegistry.java:150)
	at java.util.concurrent.ThreadPoolExecutor.runWorker(ThreadPoolExecutor.java:1145)
	at java.util.concurrent.ThreadPoolExecutor$Worker.run(ThreadPoolExecutor.java:615)
	at java.lang.Thread.run(Thread.java:745)


[WARN ] 2019-11-04 08:17:17,168 method:org.apache.zookeeper.ClientCnxn$SendThread.run(ClientCnxn.java:1162)
Session 0x16e2aebdeea00ae for server 192.168.25.128/192.168.25.128:2181, unexpected error, closing socket connection and attempting reconnect
java.io.IOException: 远程主机强迫关闭了一个现有的连接。
	at sun.nio.ch.SocketDispatcher.read0(Native Method)
	at sun.nio.ch.SocketDispatcher.read(SocketDispatcher.java:43)
	at sun.nio.ch.IOUtil.readIntoNativeBuffer(IOUtil.java:223)
	at sun.nio.ch.IOUtil.read(IOUtil.java:192)
	at sun.nio.ch.SocketChannelImpl.read(SocketChannelImpl.java:384)
	at org.apache.zookeeper.ClientCnxnSocketNIO.doIO(ClientCnxnSocketNIO.java:68)
	at org.apache.zookeeper.ClientCnxnSocketNIO.doTransport(ClientCnxnSocketNIO.java:366)
	at org.apache.zookeeper.ClientCnxn$SendThread.run(ClientCnxn.java:1141)


[WARN ] 2019-11-04 08:17:30,738 method:com.alibaba.dubbo.remoting.transport.AbstractClient$1.run(AbstractClient.java:160)
 [DUBBO] client reconnect to 192.168.25.1:20882 find error . url: dubbo://192.168.25.1:20882/com.pekka.search.service.SearchService?anyhost=true&application=pekka-search-web&check=false&codec=dubbo&dubbo=2.5.3&heartbeat=60000&interface=com.pekka.search.service.SearchService&methods=search&pid=18464&revision=0.0.1-SNAPSHOT&side=consumer&timeout=300000&timestamp=1572772540239, dubbo version: 2.5.3, current host: 192.168.25.1
com.alibaba.dubbo.remoting.RemotingException: client(url: dubbo://192.168.25.1:20882/com.pekka.search.service.SearchService?anyhost=true&application=pekka-search-web&check=false&codec=dubbo&dubbo=2.5.3&heartbeat=60000&interface=com.pekka.search.service.SearchService&methods=search&pid=18464&revision=0.0.1-SNAPSHOT&side=consumer&timeout=300000&timestamp=1572772540239) failed to connect to server /192.168.25.1:20882 client-side timeout 3000ms (elapsed: 12429ms) from netty client 192.168.25.1 using dubbo version 2.5.3
	at com.alibaba.dubbo.remoting.transport.netty.NettyClient.doConnect(NettyClient.java:127)
	at com.alibaba.dubbo.remoting.transport.AbstractClient.connect(AbstractClient.java:280)
	at com.alibaba.dubbo.remoting.transport.AbstractClient$1.run(AbstractClient.java:145)
	at java.util.concurrent.Executors$RunnableAdapter.call(Executors.java:471)
	at java.util.concurrent.FutureTask.runAndReset(FutureTask.java:304)
	at java.util.concurrent.ScheduledThreadPoolExecutor$ScheduledFutureTask.access$301(ScheduledThreadPoolExecutor.java:178)
	at java.util.concurrent.ScheduledThreadPoolExecutor$ScheduledFutureTask.run(ScheduledThreadPoolExecutor.java:293)
	at java.util.concurrent.ThreadPoolExecutor.runWorker(ThreadPoolExecutor.java:1145)
	at java.util.concurrent.ThreadPoolExecutor$Worker.run(ThreadPoolExecutor.java:615)
	at java.lang.Thread.run(Thread.java:745)


[WARN ] 2019-11-04 08:17:47,727 method:org.apache.zookeeper.ClientCnxn$SendThread.run(ClientCnxn.java:1162)
Session 0x16e2aebdeea00ae for server null, unexpected error, closing socket connection and attempting reconnect
java.net.ConnectException: Connection timed out: no further information
	at sun.nio.ch.SocketChannelImpl.checkConnect(Native Method)
	at sun.nio.ch.SocketChannelImpl.finishConnect(SocketChannelImpl.java:744)
	at org.apache.zookeeper.ClientCnxnSocketNIO.doTransport(ClientCnxnSocketNIO.java:361)
	at org.apache.zookeeper.ClientCnxn$SendThread.run(ClientCnxn.java:1141)


[WARN ] 2019-11-04 08:17:56,212 method:org.apache.zookeeper.ClientCnxn$SendThread.onConnected(ClientCnxn.java:1285)
Unable to reconnect to ZooKeeper service, session 0x16e2aebdeea00ae has expired


[WARN ] 2019-11-04 13:06:56,714 method:org.apache.zookeeper.ClientCnxn$SendThread.run(ClientCnxn.java:1108)
Client session timed out, have not heard from server in 20000ms for sessionid 0x16e2aebdeea00ba
